[2022-09-09 11:28:32,713] INFO django.utils.autoreload (250) D:\__PythonProject\BraniacLMS\config\settings.py changed, reloading.
[2022-09-09 11:41:17,216] DEBUG mainapp.views (70) log message: open page courses_detail.html
[2022-09-09 11:42:06,424] DEBUG mainapp.views (70) log message: open page 'courses_detail.html'
[2022-09-09 11:48:42,906] DEBUG mainapp.views (70) log message: open page 'courses_detail.html'
[2022-09-09 11:48:45,052] DEBUG mainapp.views (70) log message: open page 'courses_detail.html'
[2022-09-09 11:48:48,124] DEBUG mainapp.views (70) log message: open page 'courses_detail.html'
[2022-09-09 11:49:26,650] DEBUG mainapp.views (70) log message: open page 'courses_detail.html'
[2022-09-10 11:49:54,413] DEBUG mainapp.views (72) log message: open page 'courses_detail.html'
[2022-09-10 11:50:00,328] DEBUG mainapp.views (72) log message: open page 'courses_detail.html'
[2022-09-10 11:50:07,011] DEBUG mainapp.views (72) log message: open page 'courses_detail.html'
[2022-09-10 11:50:11,340] DEBUG mainapp.views (72) log message: open page 'courses_detail.html'
[2022-09-10 11:50:19,390] DEBUG mainapp.views (72) log message: open page 'courses_detail.html'
[2022-09-10 11:54:16,786] DEBUG mainapp.views (72) log message: open page 'courses_detail.html'
[2022-09-10 11:54:24,536] DEBUG mainapp.views (72) log message: open page 'courses_detail.html'
[2022-09-10 11:54:29,791] DEBUG mainapp.views (72) log message: open page 'courses_detail.html'
[2022-09-10 11:54:33,959] DEBUG mainapp.views (72) log message: open page 'courses_detail.html'
[2022-09-10 11:54:37,809] DEBUG mainapp.views (72) log message: open page 'courses_detail.html'
[2022-09-10 11:54:41,001] DEBUG mainapp.views (72) log message: open page 'courses_detail.html'
[2022-09-10 11:54:44,957] DEBUG mainapp.views (72) log message: open page 'courses_detail.html'
[2022-09-10 11:54:48,555] DEBUG mainapp.views (72) log message: open page 'courses_detail.html'
[2022-09-10 11:54:52,225] DEBUG mainapp.views (72) log message: open page 'courses_detail.html'
[2022-09-10 11:54:59,705] DEBUG mainapp.views (72) log message: open page 'courses_detail.html'
[2022-09-10 12:11:23,647] DEBUG mainapp.views (72) log message: open page 'courses_detail.html'
[2022-09-10 12:11:31,176] DEBUG mainapp.views (72) log message: open page 'courses_detail.html'
[2022-09-10 12:12:20,630] DEBUG mainapp.views (72) log message: open page 'courses_detail.html'
[2022-09-10 12:12:30,335] DEBUG mainapp.views (72) log message: open page 'courses_detail.html'
[2022-09-10 12:12:32,449] DEBUG mainapp.views (72) log message: open page 'courses_detail.html'
[2022-09-10 12:12:35,009] DEBUG mainapp.views (72) log message: open page 'courses_detail.html'
[2022-09-10 12:14:18,385] DEBUG mainapp.views (72) log message: open page 'courses_detail.html'
[2022-09-10 12:14:24,218] DEBUG mainapp.views (72) log message: open page 'courses_detail.html'
[2022-09-10 12:14:42,610] DEBUG mainapp.views (72) log message: open page 'courses_detail.html'
[2022-09-10 12:14:52,261] DEBUG mainapp.views (72) log message: open page 'courses_detail.html'
[2022-09-10 20:38:17,268] DEBUG mainapp.views (72) log message: open page 'courses_detail.html'
[2022-09-10 20:38:44,143] DEBUG mainapp.views (72) log message: open page 'courses_detail.html'
[2022-09-10 20:54:19,784] DEBUG mainapp.views (74) log message: open page 'courses_detail.html'
[2022-09-10 20:54:33,273] DEBUG mainapp.views (74) log message: open page 'courses_detail.html'
[2022-09-10 20:55:14,361] DEBUG mainapp.views (74) log message: open page 'courses_detail.html'
[2022-09-11 20:23:13,394] DEBUG mainapp.views (79) log message: open page 'courses_detail.html'
[2022-09-14 09:31:57,876] INFO mainapp.tasks (13) Send message: '{'user_id': '1', 'message': 'python -m smtpd -n -c DebuggingServer localhost:25'}'
[2022-09-14 09:31:57,964] INFO mainapp.tasks (13) Send message: '{'user_id': '1', 'message': 'EMAIL_FILE_PATH = os.path.join(BASE_DIR, "var/email_messages/") '}'
[2022-09-14 09:31:58,007] INFO mainapp.tasks (13) Send message: '{'user_id': '1', 'message': 'EMAIL_FILE_PATH = BASE_DIR / "var"'}'
[2022-09-14 09:31:58,026] INFO mainapp.tasks (13) Send message: '{'user_id': '1', 'message': 'email_messages'}'
[2022-09-14 09:31:58,044] INFO mainapp.tasks (13) Send message: '{'user_id': '1', 'message': "#  подключаем движок filebased.EmailBackend\r\nEMAIL_BACKEND = 'django.core.mail.backends.filebased.EmailBackend'\r\n# указываем директорию, в которую будут складываться файлы писем\r\nEMAIL_FILE_PATH = os.path.join(BASE_DIR, 'sent_emails') "}'
[2022-09-14 09:31:58,066] INFO mainapp.tasks (13) Send message: '{'user_id': '1', 'message': 'celery -A config worker -l INFO'}'
[2022-09-14 09:36:37,225] INFO mainapp.tasks (13) Send message: '{'user_id': '4', 'message': '# Для работы  в Windows дополнительно устанавливаем пакет Eventlet\r\npip install eventlet\r\n\r\n# Запуск Celery при использовании пакета eventlet\r\ncelery -A config worker -l INFO -P eventlet'}'
[2022-09-14 09:41:37,595] INFO mainapp.tasks (13) Send message: '{'user_id': '4', 'message': 'Установка Celery\r\npip install "celery[redis]"\r\n\r\n--- Форма отправки сообщения (Отложенные задачи) ---\r\n# 1 - Запускаем\r\nredis-server.exe\r\n\r\n# 2 - Запуск Celery (если os Linux)\r\ncelery -A config worker -l INFO\r\n\r\n# Для работы  в Windows дополнительно устанавливаем пакет Eventlet\r\npip install eventlet\r\n\r\n# 3 - Запуск Celery при использовании пакета eventlet\r\ncelery -A config worker -l INFO -P eventlet\r\n'}'
